<?xml version="1.0" encoding="UTF-8"?>
<!-- Generated by org.testng.reporters.JUnitReportReporter -->
<testsuite hostname="Arunachelam" failures="0" tests="1" name="testScripts.LoginPageTestcases" time="5.835" errors="0" timestamp="2025-08-19T23:06:22 IST" skipped="0">
  <testcase classname="testScripts.LoginPageTestcases" name="TC_003" time="5.835"/>
</testsuite> <!-- testScripts.LoginPageTestcases -->
