<?xml version="1.0" encoding="UTF-8"?>
<!-- Generated by org.testng.reporters.JUnitReportReporter -->
<testsuite hostname="Arunachelam" failures="0" tests="5" name="testScripts.LoginPageTestcases" time="43.711" errors="0" timestamp="2025-08-25T22:50:12 IST" skipped="0">
  <testcase classname="testScripts.LoginPageTestcases" name="TC_005" time="11.670"/>
  <testcase classname="testScripts.LoginPageTestcases" name="TC_004" time="6.257"/>
  <testcase classname="testScripts.LoginPageTestcases" name="TC_002" time="6.560"/>
  <testcase classname="testScripts.LoginPageTestcases" name="TC_003" time="6.707"/>
  <testcase classname="testScripts.LoginPageTestcases" name="TC_001" time="12.517"/>
</testsuite> <!-- testScripts.LoginPageTestcases -->
