<?xml version="1.0" encoding="UTF-8"?>
<!-- Generated by org.testng.reporters.JUnitReportReporter -->
<testsuite hostname="Arunachelam" failures="0" tests="1" name="com.HappyTesting.SauceLabs.TestScripts.PurchaseProducts" time="4.353" errors="0" timestamp="2025-03-24T21:22:56 IST" skipped="0">
  <testcase classname="com.HappyTesting.SauceLabs.TestScripts.PurchaseProducts" name="TC_01" time="4.353"/>
</testsuite> <!-- com.HappyTesting.SauceLabs.TestScripts.PurchaseProducts -->
